<?xml version="1.0" encoding="UTF-8"?>
<!-- Generated by org.testng.reporters.JUnitXMLReporter -->
<testsuite ignored="0" hostname="DESKTOP-8RNOGRT" failures="0" tests="3" name="Test_2" time="188.52" errors="0" timestamp="2024-05-14T18:50:06 IST">
  <testcase classname="com.comcast.crm.contacttest.CreateContactCRMTest" name="createContactTest" time="32.898"/>
  <testcase classname="com.comcast.crm.contacttest.CreateContactCRMTest" name="createContactWithOrgTest" time="59.783"/>
  <testcase classname="com.comcast.crm.contacttest.CreateContactCRMTest" name="createContactWithSupportDateTest" time="34.314"/>
</testsuite> <!-- Test_2 -->
