<?xml version="1.0" encoding="UTF-8"?>
<!-- Generated by org.testng.reporters.JUnitXMLReporter -->
<testsuite ignored="2" hostname="DESKTOP-8RNOGRT" failures="0" tests="6" name="TestRunner-CHROME" time="284.992" errors="0" timestamp="2024-05-16T11:51:08 IST">
  <testcase classname="com.comcast.crm.contacttest.CreateContactCRMTest" name="createContactTest" time="31.956"/>
  <testcase classname="com.comcast.crm.contacttest.CreateContactCRMTest" name="createContactWithOrgTest" time="55.762"/>
  <testcase classname="com.comcast.crm.contacttest.CreateContactCRMTest" name="createContactWithSupportDateTest" time="29.219"/>
  <testcase classname="com.comcast.crm.orgtest.CreateOrgCRMTest" name="createOrgTest" time="29.389"/>
  <testcase classname="com.comcast.crm.orgtest.CreateOrgCRMTest" name="createOrgWithIndustryTest" time="27.438"/>
  <testcase classname="com.comcast.crm.orgtest.CreateOrgCRMTest" name="createOrgWithPhoneNoTest" time="22.598"/>
  <testcase classname="com.comcast.crm.basetest.Base_Class" name="@BeforeSuite configBS" time="0.0">
    <ignored/>
  </testcase> <!-- @BeforeSuite configBS -->
  <testcase classname="com.comcast.crm.basetest.Base_Class" name="@AfterSuite configAS" time="0.0">
    <ignored/>
  </testcase> <!-- @AfterSuite configAS -->
</testsuite> <!-- TestRunner-CHROME -->
