<?xml version="1.0" encoding="UTF-8"?>
<!-- Generated by org.testng.reporters.JUnitXMLReporter -->
<testsuite ignored="0" hostname="DESKTOP-8RNOGRT" failures="0" tests="3" name="Test_1" time="188.052" errors="0" timestamp="2024-05-14T18:50:06 IST">
  <testcase classname="com.comcast.crm.contacttest.CreateContactCRMTest" name="createContactTest" time="41.656"/>
  <testcase classname="com.comcast.crm.contacttest.CreateContactCRMTest" name="createContactWithOrgTest" time="54.682"/>
  <testcase classname="com.comcast.crm.contacttest.CreateContactCRMTest" name="createContactWithSupportDateTest" time="36.409"/>
</testsuite> <!-- Test_1 -->
