<?xml version="1.0" encoding="UTF-8"?>
<!-- Generated by org.testng.reporters.JUnitXMLReporter -->
<testsuite ignored="2" hostname="DESKTOP-8RNOGRT" failures="0" tests="1" name="Test" time="43.648" errors="0" timestamp="2024-05-17T18:08:10 IST">
  <testcase classname="com.comcast.crm.orgtest.CreateOrgCRMTest" name="createOrgTest" time="21.5"/>
  <testcase classname="com.comcast.crm.orgtest.CreateOrgCRMTest" name="createOrgWithPhoneNoTest" time="0.0">
    <ignored/>
  </testcase> <!-- createOrgWithPhoneNoTest -->
  <testcase classname="com.comcast.crm.orgtest.CreateOrgCRMTest" name="createOrgWithIndustryTest" time="0.0">
    <ignored/>
  </testcase> <!-- createOrgWithIndustryTest -->
</testsuite> <!-- Test -->
