<?xml version="1.0" encoding="UTF-8"?>
<testng-results ignored="0" total="1" passed="1" failed="0" skipped="0">
  <reporter-output>
  </reporter-output>
  <suite started-at="2024-05-21T17:29:11 IST" name="Default suite" finished-at="2024-05-21T17:29:13 IST" duration-ms="1619">
    <groups>
    </groups>
    <test started-at="2024-05-21T17:29:11 IST" name="Default test" finished-at="2024-05-21T17:29:13 IST" duration-ms="1619">
      <class name="practice.testNg.SampleReportTest">
        <test-method signature="createContactTest()[pri:0, instance:practice.testNg.SampleReportTest@61df66b6]" started-at="2024-05-21T17:29:11 IST" name="createContactTest" finished-at="2024-05-21T17:29:13 IST" duration-ms="1520" status="PASS">
          <reporter-output>
          </reporter-output>
        </test-method> <!-- createContactTest -->
      </class> <!-- practice.testNg.SampleReportTest -->
    </test> <!-- Default test -->
  </suite> <!-- Default suite -->
</testng-results>
